<?xml version="1.0" encoding="UTF-8"?>
<!-- Generated by org.testng.reporters.JUnitXMLReporter -->
<testsuite ignored="0" hostname="Bhabna" failures="1" tests="3" name="Test" time="0.075" errors="0" timestamp="2022-03-07T17:55:17 IST">
  <testcase classname="com.assertion.Assertions" name="Launch" time="0.04">
    <failure type="java.lang.IllegalStateException" message="The driver executable must exist: C:\Users\bhabn\eclipse-workspace\Test Assertions\.\Resources\chromedriver.exe">
      <![CDATA[java.lang.IllegalStateException: The driver executable must exist: C:\Users\bhabn\eclipse-workspace\Test Assertions\.\Resources\chromedriver.exe
at org.openqa.selenium.internal.Require$FileStateChecker.isFile(Require.java:342)
at org.openqa.selenium.remote.service.DriverService.checkExecutable(DriverService.java:147)
at org.openqa.selenium.remote.service.DriverService.findExecutable(DriverService.java:142)
at org.openqa.selenium.chrome.ChromeDriverService.access$000(ChromeDriverService.java:38)
at org.openqa.selenium.chrome.ChromeDriverService$Builder.findDefaultExecutable(ChromeDriverService.java:231)
at org.openqa.selenium.remote.service.DriverService$Builder.build(DriverService.java:437)
at org.openqa.selenium.chrome.ChromeDriverService.createDefaultService(ChromeDriverService.java:127)
at org.openqa.selenium.chrome.ChromeDriver.<init>(ChromeDriver.java:48)
at com.assertion.Assertions.Launch(Assertions.java:16)
at java.base/java.util.ArrayList.forEach(ArrayList.java:1511)
... Removed 27 stack frames]]>
    </failure>
  </testcase> <!-- Launch -->
  <testcase classname="com.assertion.Assertions" name="Facebook" time="0.0">
    <skipped/>
  </testcase> <!-- Facebook -->
  <testcase classname="com.assertion.Assertions" name="Login" time="0.0">
    <skipped/>
  </testcase> <!-- Login -->
</testsuite> <!-- Test -->
